<?xml version="1.0" encoding="UTF-8"?>
<testsuites>
  <testsuite name="/mnt/Felo/Courses/learing/PHP/GRADE/phpunit.xml" tests="1" assertions="1" errors="1" failures="0" skipped="0" time="0.416780">
    <testsuite name="Feature" tests="1" assertions="1" errors="1" failures="0" skipped="0" time="0.416780">
      <testsuite name="Tests\Feature\Api\Admin\AdminAddOnApiTest" file="/mnt/Felo/Courses/learing/PHP/GRADE/tests/Feature/Api/Admin/AdminAddOnApiTest.php" tests="1" assertions="1" errors="1" failures="0" skipped="0" time="0.416780">
        <testcase name="test_admin_cannot_create_an_add_on_with_invalid_data" file="/mnt/Felo/Courses/learing/PHP/GRADE/tests/Feature/Api/Admin/AdminAddOnApiTest.php" line="41" class="Tests\Feature\Api\Admin\AdminAddOnApiTest" classname="Tests.Feature.Api.Admin.AdminAddOnApiTest" assertions="1" time="0.416780">
          <error type="Error">Tests\Feature\Api\Admin\AdminAddOnApiTest::test_admin_cannot_create_an_add_on_with_invalid_data
Error: Call to a member function all() on array

/mnt/Felo/Courses/learing/PHP/GRADE/vendor/laravel/framework/src/Illuminate/Testing/TestResponseAssert.php:81
/mnt/Felo/Courses/learing/PHP/GRADE/vendor/laravel/framework/src/Illuminate/Testing/TestResponseAssert.php:47
/mnt/Felo/Courses/learing/PHP/GRADE/vendor/laravel/framework/src/Illuminate/Testing/TestResponse.php:176
/mnt/Felo/Courses/learing/PHP/GRADE/tests/Feature/Api/Admin/AdminAddOnApiTest.php:50</error>
        </testcase>
      </testsuite>
    </testsuite>
  </testsuite>
</testsuites>
